2024-07-14 19:25:57.513 -06:00 [INF] Hot Reload Server is starting. Do not close this window.
2024-07-14 19:25:57.517 -06:00 [INF] 
2024-07-14 19:25:58.289 -06:00 [INF] Compiling... (the first time might take a minute, depending on project size)
2024-07-14 19:26:02.140 -06:00 [INF] Finished compiling in 3s
2024-07-14 19:26:02.141 -06:00 [INF] 
2024-07-14 19:26:02.141 -06:00 [INF] Hot Reload Server is ready. Edit code to see updates in unity.
2024-07-14 19:26:02.141 -06:00 [INF] Keep this window open while using Hot Reload (minimizing is OK)
2024-07-14 21:04:00.596 -06:00 [INF] Detected change in C:/Unity Projects/PrototypeGame/Assets\Scenes/SampleScene.unity
2024-07-14 21:07:25.192 -06:00 [INF] Detected change in C:/Unity Projects/PrototypeGame/Assets\Scenes/SampleScene.unity
2024-07-14 21:07:50.380 -06:00 [INF] Detected change in C:/Unity Projects/PrototypeGame/Assets\PlayerParts/PlayerAfterImageSprite.cs.meta
2024-07-14 21:07:50.380 -06:00 [INF] Detected change in C:/Unity Projects/PrototypeGame/Assets\PlayerParts/PlayerAfterImageSprite.cs
2024-07-14 21:07:50.592 -06:00 [WRN] File is not part of any project: C:\Unity Projects\PrototypeGame\Assets\PlayerParts\PlayerAfterImageSprite.cs
2024-07-14 21:07:51.394 -06:00 [INF] Detected change in C:/Unity Projects/PrototypeGame/Packages\com.singularitygroup.hotreload
2024-07-14 21:08:05.547 -06:00 [INF] Compiling...
2024-07-14 21:08:06.423 -06:00 [INF] Finished compiling in 0s
2024-07-14 21:08:15.599 -06:00 [INF] Detected change in C:/Unity Projects/PrototypeGame/Assets\PlayerParts/PlayerAfterImageSprite.cs
2024-07-14 21:08:16.016 -06:00 [WRN] errors: InsertNotSupportedByRuntime FieldDeclaration: Adding field requires recompiling in unity. in PlayerAfterImageSprite.cs:6
(at C:\Unity Projects\PrototypeGame\Assets\PlayerParts\PlayerAfterImageSprite.cs:6)
2024-07-14 21:08:18.474 -06:00 [INF] Detected change in C:/Unity Projects/PrototypeGame/Assets\PlayerParts/PlayerAfterImageSprite.cs
2024-07-14 21:08:18.474 -06:00 [INF] Detected change in C:/Unity Projects/PrototypeGame/Packages\com.singularitygroup.hotreload
2024-07-14 21:08:21.965 -06:00 [INF] Compiling...
2024-07-14 21:08:22.663 -06:00 [INF] Finished compiling in 0s
2024-07-14 21:08:34.823 -06:00 [INF] Detected change in C:/Unity Projects/PrototypeGame/Assets\PlayerParts/PlayerAfterImageSprite.cs
2024-07-14 21:08:35.078 -06:00 [WRN] errors: InsertNotSupportedByRuntime FieldDeclaration: Adding field requires recompiling in unity. in PlayerAfterImageSprite.cs:7
(at C:\Unity Projects\PrototypeGame\Assets\PlayerParts\PlayerAfterImageSprite.cs:7)
2024-07-14 21:08:36.917 -06:00 [INF] Detected change in C:/Unity Projects/PrototypeGame/Assets\PlayerParts/PlayerAfterImageSprite.cs
2024-07-14 21:08:36.917 -06:00 [INF] Detected change in C:/Unity Projects/PrototypeGame/Packages\com.singularitygroup.hotreload
2024-07-14 21:08:40.750 -06:00 [INF] Compiling...
2024-07-14 21:08:41.236 -06:00 [INF] Detected change in C:/Unity Projects/PrototypeGame/Assets\PlayerParts/PlayerAfterImageSprite.cs
2024-07-14 21:08:41.430 -06:00 [INF] Finished compiling in 0s
2024-07-14 21:08:56.040 -06:00 [INF] Detected change in C:/Unity Projects/PrototypeGame/Assets\PlayerParts/PlayerAfterImageSprite.cs
2024-07-14 21:08:56.066 -06:00 [WRN] errors: Renamed FieldDeclaration: Renaming field requires recompiling in unity. in PlayerAfterImageSprite.cs:8
(at C:\Unity Projects\PrototypeGame\Assets\PlayerParts\PlayerAfterImageSprite.cs:8)
Renamed FieldDeclaration: Renaming field requires recompiling in unity. in PlayerAfterImageSprite.cs:8
(at C:\Unity Projects\PrototypeGame\Assets\PlayerParts\PlayerAfterImageSprite.cs:8)
2024-07-14 21:08:57.748 -06:00 [INF] Detected change in C:/Unity Projects/PrototypeGame/Assets\PlayerParts/PlayerAfterImageSprite.cs
2024-07-14 21:08:57.748 -06:00 [INF] Detected change in C:/Unity Projects/PrototypeGame/Packages\com.singularitygroup.hotreload
2024-07-14 21:09:00.279 -06:00 [INF] Detected change in C:/Unity Projects/PrototypeGame/Assets\PlayerParts/PlayerAfterImageSprite.cs
2024-07-14 21:09:00.318 -06:00 [WRN] errors: Renamed FieldDeclaration: Renaming field requires recompiling in unity. in PlayerAfterImageSprite.cs:7
(at C:\Unity Projects\PrototypeGame\Assets\PlayerParts\PlayerAfterImageSprite.cs:7)
Renamed FieldDeclaration: Renaming field requires recompiling in unity. in PlayerAfterImageSprite.cs:7
(at C:\Unity Projects\PrototypeGame\Assets\PlayerParts\PlayerAfterImageSprite.cs:7)
2024-07-14 21:09:01.754 -06:00 [INF] Compiling...
2024-07-14 21:09:02.477 -06:00 [INF] Finished compiling in 0s
2024-07-14 21:12:36.473 -06:00 [INF] Detected change in C:/Unity Projects/PrototypeGame/Assets\PlayerParts/PlayerAfterImageSprite.cs
2024-07-14 21:12:36.573 -06:00 [WRN] errors: InsertNotSupportedByRuntime FieldDeclaration: Adding field requires recompiling in unity. in PlayerAfterImageSprite.cs:9
(at C:\Unity Projects\PrototypeGame\Assets\PlayerParts\PlayerAfterImageSprite.cs:9)
2024-07-14 21:12:38.399 -06:00 [INF] Detected change in C:/Unity Projects/PrototypeGame/Assets\PlayerParts/PlayerAfterImageSprite.cs
2024-07-14 21:12:38.400 -06:00 [INF] Detected change in C:/Unity Projects/PrototypeGame/Packages\com.singularitygroup.hotreload
2024-07-14 21:12:42.381 -06:00 [INF] Compiling...
2024-07-14 21:12:43.155 -06:00 [INF] Finished compiling in 0s
2024-07-14 21:12:46.822 -06:00 [INF] Detected change in C:/Unity Projects/PrototypeGame/Assets\PlayerParts/PlayerAfterImageSprite.cs
2024-07-14 21:12:47.078 -06:00 [WRN] errors: InsertNotSupportedByRuntime FieldDeclaration: Adding field requires recompiling in unity. in PlayerAfterImageSprite.cs:6
(at C:\Unity Projects\PrototypeGame\Assets\PlayerParts\PlayerAfterImageSprite.cs:6)
2024-07-14 21:12:49.167 -06:00 [INF] Detected change in C:/Unity Projects/PrototypeGame/Assets\PlayerParts/PlayerAfterImageSprite.cs
2024-07-14 21:12:49.167 -06:00 [INF] Detected change in C:/Unity Projects/PrototypeGame/Packages\com.singularitygroup.hotreload
2024-07-14 21:12:53.128 -06:00 [INF] Compiling...
2024-07-14 21:12:53.840 -06:00 [INF] Finished compiling in 0s
2024-07-14 22:01:41.605 -06:00 [INF] Detected change in C:/Unity Projects/PrototypeGame/Assets\PlayerParts/PlayerAfterImageSprite.cs
2024-07-14 22:01:41.818 -06:00 [WRN] errors: InsertNotSupportedByRuntime FieldDeclaration: Adding field requires recompiling in unity. in PlayerAfterImageSprite.cs:7
(at C:\Unity Projects\PrototypeGame\Assets\PlayerParts\PlayerAfterImageSprite.cs:7)
InsertNotSupportedByRuntime FieldDeclaration: Adding field requires recompiling in unity. in PlayerAfterImageSprite.cs:8
(at C:\Unity Projects\PrototypeGame\Assets\PlayerParts\PlayerAfterImageSprite.cs:8)
InsertNotSupportedByRuntime FieldDeclaration: Adding field requires recompiling in unity. in PlayerAfterImageSprite.cs:9
(at C:\Unity Projects\PrototypeGame\Assets\PlayerParts\PlayerAfterImageSprite.cs:9)
2024-07-14 22:01:43.342 -06:00 [INF] Detected change in C:/Unity Projects/PrototypeGame/Assets\PlayerParts/PlayerAfterImageSprite.cs
2024-07-14 22:01:43.342 -06:00 [INF] Detected change in C:/Unity Projects/PrototypeGame/Packages\com.singularitygroup.hotreload
2024-07-14 22:01:48.485 -06:00 [INF] Compiling...
2024-07-14 22:01:49.071 -06:00 [INF] Finished compiling in 0s
2024-07-14 22:01:52.672 -06:00 [INF] Detected change in C:/Unity Projects/PrototypeGame/Assets\PlayerParts/PlayerAfterImageSprite.cs
2024-07-14 22:01:53.014 -06:00 [WRN] Scripts have compile errors: C:\Unity Projects\PrototypeGame\Assets\PlayerParts\PlayerAfterImageSprite.cs(10,41): error CS1002: ; expected
C:\Unity Projects\PrototypeGame\Assets\PlayerParts\PlayerAfterImageSprite.cs(12,5): error CS1585: Member modifier 'private' must precede the member type and name
C:\Unity Projects\PrototypeGame\Assets\PlayerParts\PlayerAfterImageSprite.cs(10,37): error CS0664: Literal of type double cannot be implicitly converted to type 'float'; use an 'F' suffix to create a literal of this type
2024-07-14 22:01:53.411 -06:00 [INF] Detected change in C:/Unity Projects/PrototypeGame/Assets\PlayerParts/PlayerAfterImageSprite.cs
2024-07-14 22:01:53.647 -06:00 [WRN] Error in Step 3 Assembly-CSharp PlayerAfterImageSprite.cs: C:\Unity Projects\PrototypeGame\Assets\PlayerParts\PlayerAfterImageSprite.cs(10,37): error CS0664: Literal of type double cannot be implicitly converted to type 'float'; use an 'F' suffix to create a literal of this type
2024-07-14 22:01:54.622 -06:00 [INF] Detected change in C:/Unity Projects/PrototypeGame/Assets\PlayerParts/PlayerAfterImageSprite.cs
2024-07-14 22:01:57.043 -06:00 [INF] Detected change in C:/Unity Projects/PrototypeGame/Assets\PlayerParts/PlayerAfterImageSprite.cs
2024-07-14 22:01:57.043 -06:00 [INF] Detected change in C:/Unity Projects/PrototypeGame/Packages\com.singularitygroup.hotreload
2024-07-14 22:02:00.956 -06:00 [INF] Compiling...
2024-07-14 22:02:01.606 -06:00 [INF] Finished compiling in 0s
2024-07-14 22:02:41.907 -06:00 [INF] Detected change in C:/Unity Projects/PrototypeGame/Assets\PlayerParts/PlayerAfterImageSprite.cs
2024-07-14 22:02:42.180 -06:00 [INF] Hot Reloading .ctor in PlayerAfterImageSprite.cs  - Assembly-CSharp (111ms)
2024-07-14 22:02:43.859 -06:00 [INF] Detected change in C:/Unity Projects/PrototypeGame/Assets\PlayerParts/PlayerAfterImageSprite.cs
2024-07-14 22:02:43.859 -06:00 [INF] Detected change in C:/Unity Projects/PrototypeGame/Packages\com.singularitygroup.hotreload
2024-07-14 22:02:46.210 -06:00 [INF] Detected change in C:/Unity Projects/PrototypeGame/Assets\PlayerParts/PlayerAfterImageSprite.cs
2024-07-14 22:02:46.348 -06:00 [INF] Hot Reloading .ctor in PlayerAfterImageSprite.cs  - Assembly-CSharp (23.99ms)
2024-07-14 22:02:48.855 -06:00 [INF] Compiling...
2024-07-14 22:02:49.485 -06:00 [INF] Finished compiling in 0s
2024-07-14 22:02:50.561 -06:00 [INF] Detected change in C:/Unity Projects/PrototypeGame/Assets\PlayerParts/PlayerAfterImageSprite.cs
2024-07-14 22:03:21.155 -06:00 [INF] Detected change in C:/Unity Projects/PrototypeGame/Assets\PlayerParts/PlayerAfterImageSprite.cs
2024-07-14 22:03:56.110 -06:00 [INF] Detected change in C:/Unity Projects/PrototypeGame/Assets\PlayerParts/PlayerAfterImageSprite.cs
2024-07-14 22:03:56.333 -06:00 [WRN] Error in Step 3 Assembly-CSharp PlayerAfterImageSprite.cs: C:\Unity Projects\PrototypeGame\Assets\PlayerParts\PlayerAfterImageSprite.cs(22,9): error CS0019: Operator '-' cannot be applied to operands of type 'SpriteRenderer' and 'SpriteRenderer'
  C:\Unity Projects\PrototypeGame\Assets\PlayerParts\PlayerAfterImageSprite.cs(22,9): error CS0201: Only assignment, call, increment, decrement, await, and new object expressions can be used as a statement
2024-07-14 22:04:00.240 -06:00 [INF] Detected change in C:/Unity Projects/PrototypeGame/Assets\PlayerParts/PlayerAfterImageSprite.cs
2024-07-14 22:04:00.349 -06:00 [INF] Hot Reloading OnEnable in PlayerAfterImageSprite.cs  - Assembly-CSharp (24.22ms)
2024-07-14 22:04:03.103 -06:00 [INF] Detected change in C:/Unity Projects/PrototypeGame/Assets\PlayerParts/PlayerAfterImageSprite.cs
2024-07-14 22:04:03.317 -06:00 [WRN] Error in Step 3 Assembly-CSharp PlayerAfterImageSprite.cs: C:\Unity Projects\PrototypeGame\Assets\PlayerParts\PlayerAfterImageSprite.cs(23,9): error CS0019: Operator '-' cannot be applied to operands of type 'SpriteRenderer' and 'SpriteRenderer'
  C:\Unity Projects\PrototypeGame\Assets\PlayerParts\PlayerAfterImageSprite.cs(23,9): error CS0201: Only assignment, call, increment, decrement, await, and new object expressions can be used as a statement
2024-07-14 22:04:07.775 -06:00 [INF] Detected change in C:/Unity Projects/PrototypeGame/Assets\PlayerParts/PlayerAfterImageSprite.cs
2024-07-14 22:04:07.845 -06:00 [INF] Hot Reloading OnEnable in PlayerAfterImageSprite.cs  - Assembly-CSharp (34.53ms)
2024-07-14 22:04:18.828 -06:00 [INF] Detected change in C:/Unity Projects/PrototypeGame/Assets\PlayerParts/PlayerAfterImageSprite.cs
2024-07-14 22:04:19.218 -06:00 [INF] Detected change in C:/Unity Projects/PrototypeGame/Assets\PlayerParts/PlayerAfterImageSprite.cs
2024-07-14 22:04:37.229 -06:00 [INF] Detected change in C:/Unity Projects/PrototypeGame/Assets\PlayerParts/PlayerAfterImageSprite.cs
2024-07-14 22:04:37.327 -06:00 [INF] Hot Reloading OnEnable in PlayerAfterImageSprite.cs  - Assembly-CSharp (16.35ms)
2024-07-14 22:05:10.361 -06:00 [INF] Detected change in C:/Unity Projects/PrototypeGame/Assets\PlayerParts/PlayerAfterImageSprite.cs
2024-07-14 22:05:10.591 -06:00 [INF] Hot Reloading OnEnable in PlayerAfterImageSprite.cs  - Assembly-CSharp (23.37ms)
2024-07-14 22:05:35.296 -06:00 [INF] Detected change in C:/Unity Projects/PrototypeGame/Assets\PlayerParts/PlayerAfterImageSprite.cs
2024-07-14 22:05:35.337 -06:00 [INF] Hot Reloading OnEnable in PlayerAfterImageSprite.cs  - Assembly-CSharp (20.28ms)
2024-07-14 22:05:48.340 -06:00 [INF] Detected change in C:/Unity Projects/PrototypeGame/Assets\PlayerParts/PlayerAfterImageSprite.cs
2024-07-14 22:05:48.569 -06:00 [WRN] errors: Renamed FieldDeclaration: Renaming field requires recompiling in unity. in PlayerAfterImageSprite.cs:15
(at C:\Unity Projects\PrototypeGame\Assets\PlayerParts\PlayerAfterImageSprite.cs:15)
Renamed FieldDeclaration: Renaming field requires recompiling in unity. in PlayerAfterImageSprite.cs:15
(at C:\Unity Projects\PrototypeGame\Assets\PlayerParts\PlayerAfterImageSprite.cs:15)
2024-07-14 22:05:49.601 -06:00 [INF] Detected change in C:/Unity Projects/PrototypeGame/Assets\PlayerParts/PlayerAfterImageSprite.cs
2024-07-14 22:05:49.602 -06:00 [INF] Detected change in C:/Unity Projects/PrototypeGame/Packages\com.singularitygroup.hotreload
2024-07-14 22:05:55.042 -06:00 [INF] Compiling...
2024-07-14 22:05:55.633 -06:00 [INF] Finished compiling in 0s
2024-07-14 22:06:06.969 -06:00 [INF] Detected change in C:/Unity Projects/PrototypeGame/Assets\PlayerParts/PlayerAfterImageSprite.cs
2024-07-14 22:06:07.078 -06:00 [WRN] Scripts have compile errors: C:\Unity Projects\PrototypeGame\Assets\PlayerParts\PlayerAfterImageSprite.cs(26,45): error CS1002: ; expected
2024-07-14 22:06:08.044 -06:00 [INF] Detected change in C:/Unity Projects/PrototypeGame/Assets\PlayerParts/PlayerAfterImageSprite.cs
2024-07-14 22:06:10.026 -06:00 [INF] Detected change in C:/Unity Projects/PrototypeGame/Assets\PlayerParts/PlayerAfterImageSprite.cs
2024-07-14 22:06:10.026 -06:00 [INF] Detected change in C:/Unity Projects/PrototypeGame/Packages\com.singularitygroup.hotreload
2024-07-14 22:06:14.038 -06:00 [INF] Compiling...
2024-07-14 22:06:14.693 -06:00 [INF] Finished compiling in 0s
2024-07-14 22:08:08.855 -06:00 [INF] Detected change in C:/Unity Projects/PrototypeGame/Assets\PlayerParts/PlayerAfterImageSprite.cs
2024-07-14 22:08:09.127 -06:00 [INF] Hot Reloading OnEnable in PlayerAfterImageSprite.cs  - Assembly-CSharp (63.58ms)
2024-07-14 22:08:49.181 -06:00 [INF] Detected change in C:/Unity Projects/PrototypeGame/Assets\PlayerParts/PlayerAfterImageSprite.cs
2024-07-14 22:08:49.339 -06:00 [INF] Hot Reloading OnEnable in PlayerAfterImageSprite.cs  - Assembly-CSharp (15.7ms)
2024-07-14 23:09:05.541 -06:00 [INF] Detected change in C:/Unity Projects/PrototypeGame/Assets\PlayerParts/PlayerAfterImageSprite.cs
2024-07-14 23:09:20.729 -06:00 [INF] Detected change in C:/Unity Projects/PrototypeGame/Assets\PlayerParts/PlayerAfterImageSprite.cs
2024-07-14 23:09:20.820 -06:00 [WRN] Scripts have compile errors: C:\Unity Projects\PrototypeGame\Assets\PlayerParts\PlayerAfterImageSprite.cs(32,33): error CS1002: ; expected
C:\Unity Projects\PrototypeGame\Assets\PlayerParts\PlayerAfterImageSprite.cs(32,18): error CS0103: The name 'alphaMultiplier' does not exist in the current context
2024-07-14 23:09:21.132 -06:00 [INF] Detected change in C:/Unity Projects/PrototypeGame/Assets\PlayerParts/PlayerAfterImageSprite.cs
2024-07-14 23:09:21.329 -06:00 [WRN] Error in Step 3 Assembly-CSharp PlayerAfterImageSprite.cs: C:\Unity Projects\PrototypeGame\Assets\PlayerParts\PlayerAfterImageSprite.cs(32,18): error CS0103: The name 'alphaMultiplier' does not exist in the current context
2024-07-14 23:09:24.981 -06:00 [INF] Detected change in C:/Unity Projects/PrototypeGame/Assets\PlayerParts/PlayerAfterImageSprite.cs
2024-07-14 23:09:25.068 -06:00 [WRN] errors: Renamed FieldDeclaration: Renaming field requires recompiling in unity. in PlayerAfterImageSprite.cs:12
(at C:\Unity Projects\PrototypeGame\Assets\PlayerParts\PlayerAfterImageSprite.cs:12)
Renamed FieldDeclaration: Renaming field requires recompiling in unity. in PlayerAfterImageSprite.cs:12
(at C:\Unity Projects\PrototypeGame\Assets\PlayerParts\PlayerAfterImageSprite.cs:12)
2024-07-14 23:09:26.749 -06:00 [INF] Detected change in C:/Unity Projects/PrototypeGame/Assets\PlayerParts/PlayerAfterImageSprite.cs
2024-07-14 23:09:26.749 -06:00 [INF] Detected change in C:/Unity Projects/PrototypeGame/Packages\com.singularitygroup.hotreload
2024-07-14 23:09:26.815 -06:00 [WRN] errors: Renamed FieldDeclaration: Renaming field requires recompiling in unity. in PlayerAfterImageSprite.cs:12
(at C:\Unity Projects\PrototypeGame\Assets\PlayerParts\PlayerAfterImageSprite.cs:12)
Renamed FieldDeclaration: Renaming field requires recompiling in unity. in PlayerAfterImageSprite.cs:12
(at C:\Unity Projects\PrototypeGame\Assets\PlayerParts\PlayerAfterImageSprite.cs:12)
2024-07-14 23:09:28.202 -06:00 [INF] Detected change in C:/Unity Projects/PrototypeGame/Assets\PlayerParts/PlayerAfterImageSprite.cs
2024-07-14 23:09:28.202 -06:00 [INF] Detected change in C:/Unity Projects/PrototypeGame/Packages\com.singularitygroup.hotreload
2024-07-14 23:09:28.316 -06:00 [WRN] errors: Renamed FieldDeclaration: Renaming field requires recompiling in unity. in PlayerAfterImageSprite.cs:12
(at C:\Unity Projects\PrototypeGame\Assets\PlayerParts\PlayerAfterImageSprite.cs:12)
Renamed FieldDeclaration: Renaming field requires recompiling in unity. in PlayerAfterImageSprite.cs:12
(at C:\Unity Projects\PrototypeGame\Assets\PlayerParts\PlayerAfterImageSprite.cs:12)
2024-07-14 23:09:33.341 -06:00 [INF] Compiling...
2024-07-14 23:09:34.172 -06:00 [INF] Finished compiling in 0s
2024-07-14 23:09:36.274 -06:00 [INF] Detected change in C:/Unity Projects/PrototypeGame/Assets\PlayerParts/PlayerAfterImageSprite.cs
2024-07-14 23:09:36.407 -06:00 [INF] Hot Reloading Update in PlayerAfterImageSprite.cs  - Assembly-CSharp (94.51ms)
2024-07-14 23:09:41.525 -06:00 [INF] Detected change in C:/Unity Projects/PrototypeGame/Assets\PlayerParts/PlayerAfterImageSprite.cs
2024-07-14 23:09:41.581 -06:00 [INF] Hot Reloading Update in PlayerAfterImageSprite.cs  - Assembly-CSharp (18.08ms)
2024-07-14 23:09:56.318 -06:00 [INF] Detected change in C:/Unity Projects/PrototypeGame/Assets\PlayerParts/PlayerAfterImageSprite.cs
2024-07-14 23:09:56.584 -06:00 [WRN] Error in Step 3 Assembly-CSharp PlayerAfterImageSprite.cs: C:\Unity Projects\PrototypeGame\Assets\PlayerParts\PlayerAfterImageSprite.cs(34,32): error CS0119: 'Color' is a type, which is not valid in the given context
2024-07-14 23:09:59.560 -06:00 [INF] Detected change in C:/Unity Projects/PrototypeGame/Assets\PlayerParts/PlayerAfterImageSprite.cs
2024-07-14 23:09:59.858 -06:00 [INF] Hot Reloading Update in PlayerAfterImageSprite.cs  - Assembly-CSharp (42.73ms)
2024-07-14 23:10:02.834 -06:00 [INF] Detected change in C:/Unity Projects/PrototypeGame/Assets\PlayerParts/PlayerAfterImageSprite.cs
2024-07-14 23:10:03.084 -06:00 [WRN] Scripts have compile errors: C:\Unity Projects\PrototypeGame\Assets\PlayerParts\PlayerAfterImageSprite.cs(36,12): error CS1525: Invalid expression term ')'
2024-07-14 23:10:03.582 -06:00 [INF] Detected change in C:/Unity Projects/PrototypeGame/Assets\PlayerParts/PlayerAfterImageSprite.cs
2024-07-14 23:10:03.831 -06:00 [WRN] Scripts have compile errors: C:\Unity Projects\PrototypeGame\Assets\PlayerParts\PlayerAfterImageSprite.cs(36,12): error CS1525: Invalid expression term ')'
2024-07-14 23:10:13.761 -06:00 [INF] Detected change in C:/Unity Projects/PrototypeGame/Assets\PlayerParts/PlayerAfterImageSprite.cs
2024-07-14 23:10:13.854 -06:00 [INF] Hot Reloading Update in PlayerAfterImageSprite.cs  - Assembly-CSharp (40.53ms)
2024-07-14 23:10:19.564 -06:00 [INF] Detected change in C:/Unity Projects/PrototypeGame/Assets\PlayerParts/PlayerAfterImageSprite.cs
2024-07-14 23:12:34.746 -06:00 [INF] Detected change in C:/Unity Projects/PrototypeGame/Assets\PlayerParts/PlayerAfterImageSprite.cs
2024-07-14 23:12:34.746 -06:00 [INF] Detected change in C:/Unity Projects/PrototypeGame/Assets\PlayerParts/Player.cs.meta
2024-07-14 23:12:34.746 -06:00 [INF] Detected change in C:/Unity Projects/PrototypeGame/Assets\PlayerParts/Player.cs
2024-07-14 23:12:34.810 -06:00 [WRN] Some of the recent file changes could not be applied: 
File is not part of any project: C:\Unity Projects\PrototypeGame\Assets\PlayerParts\Player.cs
2024-07-14 23:12:43.032 -06:00 [INF] Compiling...
2024-07-14 23:12:43.902 -06:00 [INF] Finished compiling in 0s
2024-07-14 23:12:51.409 -06:00 [INF] Detected change in C:/Unity Projects/PrototypeGame/Assets\PlayerParts/Player.cs
2024-07-14 23:12:51.409 -06:00 [INF] Detected change in C:/Unity Projects/PrototypeGame/Assets\PlayerParts/Player.cs.meta
2024-07-14 23:12:51.409 -06:00 [INF] Detected change in C:/Unity Projects/PrototypeGame/Assets\PlayerParts/PlayerAfterImagePool.cs.meta
2024-07-14 23:12:51.409 -06:00 [INF] Detected change in C:/Unity Projects/PrototypeGame/Assets\PlayerParts/PlayerAfterImagePool.cs
2024-07-14 23:12:51.559 -06:00 [INF] Cannot find file at path: C:\Unity Projects\PrototypeGame\Assets\PlayerParts\Player.cs
2024-07-14 23:12:51.559 -06:00 [WRN] File is not part of any project: C:\Unity Projects\PrototypeGame\Assets\PlayerParts\PlayerAfterImagePool.cs
2024-07-14 23:12:53.837 -06:00 [INF] Detected change in C:/Unity Projects/PrototypeGame/Packages\com.singularitygroup.hotreload
2024-07-14 23:13:00.607 -06:00 [INF] Compiling...
2024-07-14 23:13:01.551 -06:00 [INF] Finished compiling in 0s
